{
  "RSpec": {
    "coverage": {
      "/Users/lukeusher/Documents/MAKERS/bank_tech_test/spec/bank_spec.rb": {
        "lines": [
          null,
          null,
          1,
          null,
          1,
          null,
          1,
          11,
          null,
          1,
          null,
          1,
          1,
          2,
          1,
          null,
          null,
          1,
          1,
          null,
          null,
          1,
          1,
          null,
          null,
          null,
          1,
          null,
          1,
          1,
          1,
          null,
          null,
          1,
          2,
          null,
          null,
          1,
          1,
          2,
          null,
          1,
          1,
          null,
          null,
          null,
          null,
          1,
          1,
          1,
          1,
          1,
          null,
          null,
          1,
          2,
          null,
          null,
          1,
          1,
          3,
          null,
          1,
          1,
          1,
          null,
          null,
          null,
          1,
          1,
          1,
          2,
          1,
          1,
          null,
          null,
          null
        ]
      },
      "/Users/lukeusher/Documents/MAKERS/bank_tech_test/lib/bank.rb": {
        "lines": [
          null,
          null,
          1,
          1,
          1,
          null,
          null,
          null,
          1,
          1,
          null,
          1,
          null,
          1,
          10,
          10,
          10,
          null,
          null,
          1,
          5,
          null,
          4,
          4,
          null,
          null,
          1,
          3,
          null,
          2,
          2,
          null,
          null,
          1,
          1,
          null,
          null
        ]
      },
      "/Users/lukeusher/Documents/MAKERS/bank_tech_test/lib/record.rb": {
        "lines": [
          1,
          null,
          1,
          null,
          1,
          null,
          1,
          7,
          7,
          7,
          7,
          null,
          null
        ]
      },
      "/Users/lukeusher/Documents/MAKERS/bank_tech_test/lib/printer.rb": {
        "lines": [
          1,
          null,
          1,
          1,
          1,
          1,
          null,
          null,
          null,
          null
        ]
      },
      "/Users/lukeusher/Documents/MAKERS/bank_tech_test/spec/printer_spec.rb": {
        "lines": [
          1,
          null,
          1,
          1,
          1,
          1,
          1,
          1,
          1,
          null,
          null,
          null,
          null
        ]
      },
      "/Users/lukeusher/Documents/MAKERS/bank_tech_test/spec/record_spec.rb": {
        "lines": [
          1,
          1,
          null,
          1,
          null,
          1,
          1,
          4,
          null,
          null,
          1,
          1,
          null,
          null,
          1,
          1,
          null,
          null,
          1,
          1,
          null,
          null,
          1,
          1,
          null,
          null,
          null
        ]
      }
    },
    "timestamp": 1630530129
  }
}
